<?xml version="1.0" encoding="UTF-8"?>
<!-- Generated by org.testng.reporters.JUnitXMLReporter -->
<testsuite ignored="0" hostname="IPC71" failures="0" tests="4" name="Command line test" time="0.048" errors="0" timestamp="2023-09-30T06:43:20 IST">
  <testcase classname="com.lbrce.cse.TestUserAthentication" name="test1" time="0.006"/>
  <testcase classname="com.lbrce.cse.TestUserAthentication" name="test2" time="0.0"/>
  <testcase classname="com.lbrce.cse.TestUserAthentication" name="test3" time="0.001"/>
  <testcase classname="com.lbrce.cse.TestUserAthentication" name="test4" time="0.0"/>
</testsuite> <!-- Command line test -->
