<?xml version="1.0" encoding="UTF-8" ?>
<testsuite tests="4" failures="0" name="com.lbrce.cse.TestUserAthentication" time="0.008" errors="0" skipped="0">
  <properties>
[...]
</properties>
  <testcase classname="com.lbrce.cse.TestUserAthentication" name="test1" time="0.007"/>
  <testcase classname="com.lbrce.cse.TestUserAthentication" name="test2" time="0"/>
  <testcase classname="com.lbrce.cse.TestUserAthentication" name="test3" time="0"/>
  <testcase classname="com.lbrce.cse.TestUserAthentication" name="test4" time="0.001"/>
</testsuite>