<?xml version="1.0" encoding="UTF-8"?>
<testng-results ignored="0" total="4" passed="4" failed="0" skipped="0">
  <reporter-output>
  </reporter-output>
  <suite started-at="2023-09-30T06:43:20 IST" name="com.lbrce.cse.TestUserAthentication" finished-at="2023-09-30T06:43:20 IST" duration-ms="48">
    <groups>
    </groups>
    <test started-at="2023-09-30T06:43:20 IST" name="Command line test" finished-at="2023-09-30T06:43:20 IST" duration-ms="48">
      <class name="com.lbrce.cse.TestUserAthentication">
        <test-method signature="test1()[pri:0, instance:com.lbrce.cse.TestUserAthentication@8f4ea7c]" started-at="2023-09-30T06:43:20 IST" name="test1" finished-at="2023-09-30T06:43:20 IST" duration-ms="6" status="PASS">
          <reporter-output>
          </reporter-output>
        </test-method> <!-- test1 -->
        <test-method signature="test2()[pri:0, instance:com.lbrce.cse.TestUserAthentication@8f4ea7c]" started-at="2023-09-30T06:43:20 IST" name="test2" finished-at="2023-09-30T06:43:20 IST" duration-ms="0" status="PASS">
          <reporter-output>
          </reporter-output>
        </test-method> <!-- test2 -->
        <test-method signature="test3()[pri:0, instance:com.lbrce.cse.TestUserAthentication@8f4ea7c]" started-at="2023-09-30T06:43:20 IST" name="test3" finished-at="2023-09-30T06:43:20 IST" duration-ms="1" status="PASS">
          <reporter-output>
          </reporter-output>
        </test-method> <!-- test3 -->
        <test-method signature="test4()[pri:0, instance:com.lbrce.cse.TestUserAthentication@8f4ea7c]" started-at="2023-09-30T06:43:20 IST" name="test4" finished-at="2023-09-30T06:43:20 IST" duration-ms="0" status="PASS">
          <reporter-output>
          </reporter-output>
        </test-method> <!-- test4 -->
      </class> <!-- com.lbrce.cse.TestUserAthentication -->
    </test> <!-- Command line test -->
  </suite> <!-- com.lbrce.cse.TestUserAthentication -->
</testng-results>
